[{"line":3,"elements":[{"line":5,"name":"user opens chrome browser.","description":"","type":"background","keyword":"Background","steps":[{"result":{"duration":6626177300,"status":"passed"},"line":6,"name":"user navigates to registration page.","match":{"location":"TestCasesDefinitions.D01_Registration.user_navigates_to_registration_page()"},"keyword":"And "}]},{"start_timestamp":"2024-10-07T09:29:11.373Z","line":9,"name":"user registers with valid data.","description":"","id":"user-could-register-with-valid-data;user-registers-with-valid-data.","type":"scenario","keyword":"Scenario","steps":[{"result":{"duration":139496000,"status":"passed"},"line":10,"name":"user enters valid first name.","match":{"location":"TestCasesDefinitions.D01_Registration.user_enters_valid_first_name()"},"keyword":"When "},{"result":{"error_message":"org.openqa.selenium.NoSuchElementException: no such element: Unable to locate element: {\"method\":\"xpath\",\"selector\":\"//*[@id=\"JStsl2\"]/div/label/input\"}\n  (Session info: chrome=129.0.6668.90)\nFor documentation on this error, please visit: https://www.selenium.dev/documentation/webdriver/troubleshooting/errors#no-such-element-exception\nBuild info: version: '4.20.0', revision: '866c76ca80'\nSystem info: os.name: 'Windows 11', os.arch: 'amd64', os.version: '10.0', java.version: '22.0.1'\nDriver info: org.openqa.selenium.chrome.ChromeDriver\nCommand: [ad938b34e45cab9527aed19ee211981b, findElement {using=xpath, value=//*[@id=\"JStsl2\"]/div/label/input}]\nCapabilities {acceptInsecureCerts: false, browserName: chrome, browserVersion: 129.0.6668.90, chrome: {chromedriverVersion: 129.0.6668.89 (951c0b97221f..., userDataDir: C:\\Users\\tumelog\\AppData\\Lo...}, fedcm:accounts: true, goog:chromeOptions: {debuggerAddress: localhost:65075}, networkConnectionEnabled: false, pageLoadStrategy: normal, platformName: windows, proxy: Proxy(), se:cdp: ws://localhost:65075/devtoo..., se:cdpVersion: 129.0.6668.90, setWindowRect: true, strictFileInteractability: false, timeouts: {implicit: 0, pageLoad: 300000, script: 30000}, unhandledPromptBehavior: dismiss and notify, webauthn:extension:credBlob: true, webauthn:extension:largeBlob: true, webauthn:extension:minPinLength: true, webauthn:extension:prf: true, webauthn:virtualAuthenticators: true}\nSession ID: ad938b34e45cab9527aed19ee211981b\r\n\tat java.base/jdk.internal.reflect.DirectConstructorHandleAccessor.newInstance(DirectConstructorHandleAccessor.java:62)\r\n\tat java.base/java.lang.reflect.Constructor.newInstanceWithCaller(Constructor.java:502)\r\n\tat java.base/java.lang.reflect.Constructor.newInstance(Constructor.java:486)\r\n\tat org.openqa.selenium.remote.ErrorCodec.decode(ErrorCodec.java:167)\r\n\tat org.openqa.selenium.remote.codec.w3c.W3CHttpResponseCodec.decode(W3CHttpResponseCodec.java:138)\r\n\tat org.openqa.selenium.remote.codec.w3c.W3CHttpResponseCodec.decode(W3CHttpResponseCodec.java:50)\r\n\tat org.openqa.selenium.remote.HttpCommandExecutor.execute(HttpCommandExecutor.java:190)\r\n\tat org.openqa.selenium.remote.service.DriverCommandExecutor.invokeExecute(DriverCommandExecutor.java:216)\r\n\tat org.openqa.selenium.remote.service.DriverCommandExecutor.execute(DriverCommandExecutor.java:174)\r\n\tat org.openqa.selenium.remote.RemoteWebDriver.execute(RemoteWebDriver.java:518)\r\n\tat org.openqa.selenium.remote.ElementLocation$ElementFinder$2.findElement(ElementLocation.java:165)\r\n\tat org.openqa.selenium.remote.ElementLocation.findElement(ElementLocation.java:59)\r\n\tat org.openqa.selenium.remote.RemoteWebDriver.findElement(RemoteWebDriver.java:355)\r\n\tat org.openqa.selenium.remote.RemoteWebDriver.findElement(RemoteWebDriver.java:349)\r\n\tat nopCommercePages.P02_registration.maleCheckBox(P02_registration.java:33)\r\n\tat TestCasesDefinitions.D01_Registration.user_press_on_male_checkbox(D01_Registration.java:22)\r\n\tat ✽.user press on male checkbox.(file:///C:/Users/tumelog/Desktop/E-Commerce-App-Automation-Testing/EcommerceAppAutomation/src/main/resources/Features/F01-%20Registration.feature:11)\r\n","duration":10045378600,"status":"failed"},"line":11,"name":"user press on male checkbox.","match":{"location":"TestCasesDefinitions.D01_Registration.user_press_on_male_checkbox()"},"keyword":"And "},{"result":{"status":"skipped"},"line":14,"name":"user enters valid last name.","match":{"location":"TestCasesDefinitions.D01_Registration.user_enters_valid_last_name()"},"keyword":"And "},{"result":{"status":"skipped"},"line":15,"name":"user select valid date of birth.","match":{"location":"TestCasesDefinitions.D01_Registration.user_select_valid_date_of_birth()"},"keyword":"And "},{"result":{"status":"skipped"},"line":16,"name":"user enters valid email address.","match":{"location":"TestCasesDefinitions.D01_Registration.user_enters_valid_email_address()"},"keyword":"And "},{"result":{"status":"skipped"},"line":17,"name":"user enters valid password.","match":{"location":"TestCasesDefinitions.D01_Registration.user_enters_valid_password()"},"keyword":"And "},{"result":{"status":"skipped"},"line":18,"name":"user reenter valid password.","match":{"location":"TestCasesDefinitions.D01_Registration.user_reenter_valid_password()"},"keyword":"And "},{"result":{"status":"skipped"},"line":19,"name":"user clicks on register button.","match":{"location":"TestCasesDefinitions.D01_Registration.user_clicks_on_register_button()"},"keyword":"And "},{"result":{"status":"skipped"},"line":21,"name":"user could register successfully.","match":{"location":"TestCasesDefinitions.D01_Registration.user_could_register_successfully()"},"keyword":"Then "},{"result":{"status":"skipped"},"line":22,"name":"user returned to register result webpage.","match":{"location":"TestCasesDefinitions.D01_Registration.user_returned_to_register_result_webpage()"},"keyword":"And "}],"tags":[{"name":"@MyRegression"}]},{"line":5,"name":"user opens chrome browser.","description":"","type":"background","keyword":"Background","steps":[{"result":{"duration":5384501900,"status":"passed"},"line":6,"name":"user navigates to registration page.","match":{"location":"TestCasesDefinitions.D01_Registration.user_navigates_to_registration_page()"},"keyword":"And "}]},{"start_timestamp":"2024-10-07T09:29:28.255Z","line":25,"name":"user registers with invalid password.","description":"","id":"user-could-register-with-valid-data;user-registers-with-invalid-password.","type":"scenario","keyword":"Scenario","steps":[{"result":{"error_message":"org.openqa.selenium.NoSuchElementException: no such element: Unable to locate element: {\"method\":\"css selector\",\"selector\":\"#FirstName\"}\n  (Session info: chrome=129.0.6668.90)\nFor documentation on this error, please visit: https://www.selenium.dev/documentation/webdriver/troubleshooting/errors#no-such-element-exception\nBuild info: version: '4.20.0', revision: '866c76ca80'\nSystem info: os.name: 'Windows 11', os.arch: 'amd64', os.version: '10.0', java.version: '22.0.1'\nDriver info: org.openqa.selenium.chrome.ChromeDriver\nCommand: [ad938b34e45cab9527aed19ee211981b, findElement {using=id, value=FirstName}]\nCapabilities {acceptInsecureCerts: false, browserName: chrome, browserVersion: 129.0.6668.90, chrome: {chromedriverVersion: 129.0.6668.89 (951c0b97221f..., userDataDir: C:\\Users\\tumelog\\AppData\\Lo...}, fedcm:accounts: true, goog:chromeOptions: {debuggerAddress: localhost:65075}, networkConnectionEnabled: false, pageLoadStrategy: normal, platformName: windows, proxy: Proxy(), se:cdp: ws://localhost:65075/devtoo..., se:cdpVersion: 129.0.6668.90, setWindowRect: true, strictFileInteractability: false, timeouts: {implicit: 0, pageLoad: 300000, script: 30000}, unhandledPromptBehavior: dismiss and notify, webauthn:extension:credBlob: true, webauthn:extension:largeBlob: true, webauthn:extension:minPinLength: true, webauthn:extension:prf: true, webauthn:virtualAuthenticators: true}\nSession ID: ad938b34e45cab9527aed19ee211981b\r\n\tat java.base/jdk.internal.reflect.DirectConstructorHandleAccessor.newInstance(DirectConstructorHandleAccessor.java:62)\r\n\tat java.base/java.lang.reflect.Constructor.newInstanceWithCaller(Constructor.java:502)\r\n\tat java.base/java.lang.reflect.Constructor.newInstance(Constructor.java:486)\r\n\tat org.openqa.selenium.remote.ErrorCodec.decode(ErrorCodec.java:167)\r\n\tat org.openqa.selenium.remote.codec.w3c.W3CHttpResponseCodec.decode(W3CHttpResponseCodec.java:138)\r\n\tat org.openqa.selenium.remote.codec.w3c.W3CHttpResponseCodec.decode(W3CHttpResponseCodec.java:50)\r\n\tat org.openqa.selenium.remote.HttpCommandExecutor.execute(HttpCommandExecutor.java:190)\r\n\tat org.openqa.selenium.remote.service.DriverCommandExecutor.invokeExecute(DriverCommandExecutor.java:216)\r\n\tat org.openqa.selenium.remote.service.DriverCommandExecutor.execute(DriverCommandExecutor.java:174)\r\n\tat org.openqa.selenium.remote.RemoteWebDriver.execute(RemoteWebDriver.java:518)\r\n\tat org.openqa.selenium.remote.ElementLocation$ElementFinder$2.findElement(ElementLocation.java:165)\r\n\tat org.openqa.selenium.remote.ElementLocation.findElement(ElementLocation.java:59)\r\n\tat org.openqa.selenium.remote.RemoteWebDriver.findElement(RemoteWebDriver.java:355)\r\n\tat org.openqa.selenium.remote.RemoteWebDriver.findElement(RemoteWebDriver.java:349)\r\n\tat nopCommercePages.P02_registration.firstNameTxtFld(P02_registration.java:42)\r\n\tat TestCasesDefinitions.D01_Registration.user_enters_valid_first_name(D01_Registration.java:28)\r\n\tat ✽.user enters valid first name.(file:///C:/Users/tumelog/Desktop/E-Commerce-App-Automation-Testing/EcommerceAppAutomation/src/main/resources/Features/F01-%20Registration.feature:27)\r\n","duration":17531200,"status":"failed"},"line":27,"name":"user enters valid first name.","match":{"location":"TestCasesDefinitions.D01_Registration.user_enters_valid_first_name()"},"keyword":"When "},{"result":{"status":"skipped"},"line":28,"name":"user press on male checkbox.","match":{"location":"TestCasesDefinitions.D01_Registration.user_press_on_male_checkbox()"},"keyword":"And "},{"result":{"status":"skipped"},"line":29,"name":"user enters valid last name.","match":{"location":"TestCasesDefinitions.D01_Registration.user_enters_valid_last_name()"},"keyword":"And "},{"result":{"status":"skipped"},"line":30,"name":"user select valid date of birth.","match":{"location":"TestCasesDefinitions.D01_Registration.user_select_valid_date_of_birth()"},"keyword":"And "},{"result":{"status":"skipped"},"line":31,"name":"user enters valid email address.","match":{"location":"TestCasesDefinitions.D01_Registration.user_enters_valid_email_address()"},"keyword":"And "},{"result":{"status":"skipped"},"line":32,"name":"user enters invalid password.","match":{"location":"TestCasesDefinitions.D01_Registration.user_enters_invalid_password()"},"keyword":"And "},{"result":{"status":"skipped"},"line":33,"name":"user reenter invalid password.","match":{"location":"TestCasesDefinitions.D01_Registration.user_reenter_invalid_password()"},"keyword":"And "},{"result":{"status":"skipped"},"line":34,"name":"user clicks on register button.","match":{"location":"TestCasesDefinitions.D01_Registration.user_clicks_on_register_button()"},"keyword":"And "},{"result":{"status":"skipped"},"line":36,"name":"user could not register successfully.","match":{"location":"TestCasesDefinitions.D01_Registration.user_could_not_register_successfully()"},"keyword":"Then "}],"tags":[{"name":"@MyRegression"}]}],"name":"User could register with valid data","description":"","id":"user-could-register-with-valid-data","keyword":"Feature","uri":"file:src/main/resources/Features/F01-%20Registration.feature","tags":[{"name":"@MyRegression","type":"Tag","location":{"line":1,"column":1}}]},{"line":3,"elements":[{"line":6,"name":"user opens browser.","description":"","type":"background","keyword":"Background","steps":[{"result":{"duration":2311149500,"status":"passed"},"line":7,"name":"navigates to login page.","match":{"location":"TestCasesDefinitions.D02_Login.navigates_to_login_page()"},"keyword":"And "}]},{"start_timestamp":"2024-10-07T09:29:33.688Z","line":10,"name":"user login with valid data (valid email & password).","description":"","id":"user-should-be-able-to-login-to-the-website.;user-login-with-valid-data-(valid-email-&-password).","type":"scenario","keyword":"Scenario","steps":[{"result":{"error_message":"org.openqa.selenium.NoSuchElementException: no such element: Unable to locate element: {\"method\":\"css selector\",\"selector\":\"input[class=\"email\"]\"}\n  (Session info: chrome=129.0.6668.90)\nFor documentation on this error, please visit: https://www.selenium.dev/documentation/webdriver/troubleshooting/errors#no-such-element-exception\nBuild info: version: '4.20.0', revision: '866c76ca80'\nSystem info: os.name: 'Windows 11', os.arch: 'amd64', os.version: '10.0', java.version: '22.0.1'\nDriver info: org.openqa.selenium.chrome.ChromeDriver\nCommand: [ad938b34e45cab9527aed19ee211981b, findElement {using=css selector, value=input[class=\"email\"]}]\nCapabilities {acceptInsecureCerts: false, browserName: chrome, browserVersion: 129.0.6668.90, chrome: {chromedriverVersion: 129.0.6668.89 (951c0b97221f..., userDataDir: C:\\Users\\tumelog\\AppData\\Lo...}, fedcm:accounts: true, goog:chromeOptions: {debuggerAddress: localhost:65075}, networkConnectionEnabled: false, pageLoadStrategy: normal, platformName: windows, proxy: Proxy(), se:cdp: ws://localhost:65075/devtoo..., se:cdpVersion: 129.0.6668.90, setWindowRect: true, strictFileInteractability: false, timeouts: {implicit: 0, pageLoad: 300000, script: 30000}, unhandledPromptBehavior: dismiss and notify, webauthn:extension:credBlob: true, webauthn:extension:largeBlob: true, webauthn:extension:minPinLength: true, webauthn:extension:prf: true, webauthn:virtualAuthenticators: true}\nSession ID: ad938b34e45cab9527aed19ee211981b\r\n\tat java.base/jdk.internal.reflect.DirectConstructorHandleAccessor.newInstance(DirectConstructorHandleAccessor.java:62)\r\n\tat java.base/java.lang.reflect.Constructor.newInstanceWithCaller(Constructor.java:502)\r\n\tat java.base/java.lang.reflect.Constructor.newInstance(Constructor.java:486)\r\n\tat org.openqa.selenium.remote.ErrorCodec.decode(ErrorCodec.java:167)\r\n\tat org.openqa.selenium.remote.codec.w3c.W3CHttpResponseCodec.decode(W3CHttpResponseCodec.java:138)\r\n\tat org.openqa.selenium.remote.codec.w3c.W3CHttpResponseCodec.decode(W3CHttpResponseCodec.java:50)\r\n\tat org.openqa.selenium.remote.HttpCommandExecutor.execute(HttpCommandExecutor.java:190)\r\n\tat org.openqa.selenium.remote.service.DriverCommandExecutor.invokeExecute(DriverCommandExecutor.java:216)\r\n\tat org.openqa.selenium.remote.service.DriverCommandExecutor.execute(DriverCommandExecutor.java:174)\r\n\tat org.openqa.selenium.remote.RemoteWebDriver.execute(RemoteWebDriver.java:518)\r\n\tat org.openqa.selenium.remote.ElementLocation$ElementFinder$2.findElement(ElementLocation.java:165)\r\n\tat org.openqa.selenium.remote.ElementLocation.findElement(ElementLocation.java:59)\r\n\tat org.openqa.selenium.remote.RemoteWebDriver.findElement(RemoteWebDriver.java:355)\r\n\tat org.openqa.selenium.remote.RemoteWebDriver.findElement(RemoteWebDriver.java:349)\r\n\tat nopCommercePages.P03_login.loginEmailTxtFld(P03_login.java:17)\r\n\tat TestCasesDefinitions.D02_Login.user_enters_valid_login_email(D02_Login.java:32)\r\n\tat ✽.user enters valid login email.(file:///C:/Users/tumelog/Desktop/E-Commerce-App-Automation-Testing/EcommerceAppAutomation/src/main/resources/Features/F02-%20Login.feature:12)\r\n","duration":18851000,"status":"failed"},"line":12,"name":"user enters valid login email.","match":{"location":"TestCasesDefinitions.D02_Login.user_enters_valid_login_email()"},"keyword":"When "},{"result":{"status":"skipped"},"line":13,"name":"user enters valid login password.","match":{"location":"TestCasesDefinitions.D02_Login.user_enters_valid_login_password()"},"keyword":"And "},{"result":{"status":"skipped"},"line":14,"name":"user press on login button.","match":{"location":"TestCasesDefinitions.D02_Login.user_press_on_login_button()"},"keyword":"And "},{"result":{"status":"skipped"},"line":16,"name":"user could login successfully.","match":{"location":"TestCasesDefinitions.D02_Login.user_could_login_successfully()"},"keyword":"Then "},{"result":{"status":"skipped"},"line":17,"name":"returned to home page of the website.","match":{"location":"TestCasesDefinitions.D02_Login.returned_to_home_page_of_the_website()"},"keyword":"And "}],"tags":[{"name":"@MyRegression"}]},{"line":6,"name":"user opens browser.","description":"","type":"background","keyword":"Background","steps":[{"result":{"duration":2342892900,"status":"passed"},"line":7,"name":"navigates to login page.","match":{"location":"TestCasesDefinitions.D02_Login.navigates_to_login_page()"},"keyword":"And "}]},{"start_timestamp":"2024-10-07T09:29:36.038Z","line":21,"name":"user login with invalid data (invalid email & password).","description":"","id":"user-should-be-able-to-login-to-the-website.;user-login-with-invalid-data-(invalid-email-&-password).","type":"scenario","keyword":"Scenario","steps":[{"result":{"error_message":"org.openqa.selenium.NoSuchElementException: no such element: Unable to locate element: {\"method\":\"css selector\",\"selector\":\"input[class=\"email\"]\"}\n  (Session info: chrome=129.0.6668.90)\nFor documentation on this error, please visit: https://www.selenium.dev/documentation/webdriver/troubleshooting/errors#no-such-element-exception\nBuild info: version: '4.20.0', revision: '866c76ca80'\nSystem info: os.name: 'Windows 11', os.arch: 'amd64', os.version: '10.0', java.version: '22.0.1'\nDriver info: org.openqa.selenium.chrome.ChromeDriver\nCommand: [ad938b34e45cab9527aed19ee211981b, findElement {using=css selector, value=input[class=\"email\"]}]\nCapabilities {acceptInsecureCerts: false, browserName: chrome, browserVersion: 129.0.6668.90, chrome: {chromedriverVersion: 129.0.6668.89 (951c0b97221f..., userDataDir: C:\\Users\\tumelog\\AppData\\Lo...}, fedcm:accounts: true, goog:chromeOptions: {debuggerAddress: localhost:65075}, networkConnectionEnabled: false, pageLoadStrategy: normal, platformName: windows, proxy: Proxy(), se:cdp: ws://localhost:65075/devtoo..., se:cdpVersion: 129.0.6668.90, setWindowRect: true, strictFileInteractability: false, timeouts: {implicit: 0, pageLoad: 300000, script: 30000}, unhandledPromptBehavior: dismiss and notify, webauthn:extension:credBlob: true, webauthn:extension:largeBlob: true, webauthn:extension:minPinLength: true, webauthn:extension:prf: true, webauthn:virtualAuthenticators: true}\nSession ID: ad938b34e45cab9527aed19ee211981b\r\n\tat java.base/jdk.internal.reflect.DirectConstructorHandleAccessor.newInstance(DirectConstructorHandleAccessor.java:62)\r\n\tat java.base/java.lang.reflect.Constructor.newInstanceWithCaller(Constructor.java:502)\r\n\tat java.base/java.lang.reflect.Constructor.newInstance(Constructor.java:486)\r\n\tat org.openqa.selenium.remote.ErrorCodec.decode(ErrorCodec.java:167)\r\n\tat org.openqa.selenium.remote.codec.w3c.W3CHttpResponseCodec.decode(W3CHttpResponseCodec.java:138)\r\n\tat org.openqa.selenium.remote.codec.w3c.W3CHttpResponseCodec.decode(W3CHttpResponseCodec.java:50)\r\n\tat org.openqa.selenium.remote.HttpCommandExecutor.execute(HttpCommandExecutor.java:190)\r\n\tat org.openqa.selenium.remote.service.DriverCommandExecutor.invokeExecute(DriverCommandExecutor.java:216)\r\n\tat org.openqa.selenium.remote.service.DriverCommandExecutor.execute(DriverCommandExecutor.java:174)\r\n\tat org.openqa.selenium.remote.RemoteWebDriver.execute(RemoteWebDriver.java:518)\r\n\tat org.openqa.selenium.remote.ElementLocation$ElementFinder$2.findElement(ElementLocation.java:165)\r\n\tat org.openqa.selenium.remote.ElementLocation.findElement(ElementLocation.java:59)\r\n\tat org.openqa.selenium.remote.RemoteWebDriver.findElement(RemoteWebDriver.java:355)\r\n\tat org.openqa.selenium.remote.RemoteWebDriver.findElement(RemoteWebDriver.java:349)\r\n\tat nopCommercePages.P03_login.loginEmailTxtFld(P03_login.java:17)\r\n\tat TestCasesDefinitions.D02_Login.user_enters_invalid_login_email(D02_Login.java:38)\r\n\tat ✽.user enters invalid login email.(file:///C:/Users/tumelog/Desktop/E-Commerce-App-Automation-Testing/EcommerceAppAutomation/src/main/resources/Features/F02-%20Login.feature:22)\r\n","duration":20851900,"status":"failed"},"line":22,"name":"user enters invalid login email.","match":{"location":"TestCasesDefinitions.D02_Login.user_enters_invalid_login_email()"},"keyword":"When "},{"result":{"status":"skipped"},"line":23,"name":"user enters invalid login password.","match":{"location":"TestCasesDefinitions.D02_Login.user_enters_invalid_login_password()"},"keyword":"And "},{"result":{"status":"skipped"},"line":24,"name":"user press on login button.","match":{"location":"TestCasesDefinitions.D02_Login.user_press_on_login_button()"},"keyword":"And "},{"result":{"status":"skipped"},"line":26,"name":"user could not login successfully.","match":{"location":"TestCasesDefinitions.D02_Login.user_could_not_login_successfully()"},"keyword":"Then "}],"tags":[{"name":"@MyRegression"}]}],"name":"user should be able to login to the website.","description":"","id":"user-should-be-able-to-login-to-the-website.","keyword":"Feature","uri":"file:src/main/resources/Features/F02-%20Login.feature","tags":[{"name":"@MyRegression","type":"Tag","location":{"line":1,"column":1}}]},{"line":3,"elements":[{"line":5,"name":"user opens browser.","description":"","type":"background","keyword":"Background","steps":[{"result":{"duration":261803300,"status":"passed"},"line":6,"name":"user navigates to forget password webpage.","match":{"location":"TestCasesDefinitions.D03_resetPassword.user_navigates_to_forget_password_webpage()"},"keyword":"And "}]},{"start_timestamp":"2024-10-07T09:29:38.557Z","line":9,"name":"user enters a valid registered email address.","description":"","id":"user-could-reset-his/her-password-successfully;user-enters-a-valid-registered-email-address.","type":"scenario","keyword":"Scenario","steps":[{"result":{"error_message":"org.openqa.selenium.NoSuchElementException: no such element: Unable to locate element: {\"method\":\"css selector\",\"selector\":\"input[class=\"email\"]\"}\n  (Session info: chrome=129.0.6668.90)\nFor documentation on this error, please visit: https://www.selenium.dev/documentation/webdriver/troubleshooting/errors#no-such-element-exception\nBuild info: version: '4.20.0', revision: '866c76ca80'\nSystem info: os.name: 'Windows 11', os.arch: 'amd64', os.version: '10.0', java.version: '22.0.1'\nDriver info: org.openqa.selenium.chrome.ChromeDriver\nCommand: [ad938b34e45cab9527aed19ee211981b, findElement {using=css selector, value=input[class=\"email\"]}]\nCapabilities {acceptInsecureCerts: false, browserName: chrome, browserVersion: 129.0.6668.90, chrome: {chromedriverVersion: 129.0.6668.89 (951c0b97221f..., userDataDir: C:\\Users\\tumelog\\AppData\\Lo...}, fedcm:accounts: true, goog:chromeOptions: {debuggerAddress: localhost:65075}, networkConnectionEnabled: false, pageLoadStrategy: normal, platformName: windows, proxy: Proxy(), se:cdp: ws://localhost:65075/devtoo..., se:cdpVersion: 129.0.6668.90, setWindowRect: true, strictFileInteractability: false, timeouts: {implicit: 0, pageLoad: 300000, script: 30000}, unhandledPromptBehavior: dismiss and notify, webauthn:extension:credBlob: true, webauthn:extension:largeBlob: true, webauthn:extension:minPinLength: true, webauthn:extension:prf: true, webauthn:virtualAuthenticators: true}\nSession ID: ad938b34e45cab9527aed19ee211981b\r\n\tat java.base/jdk.internal.reflect.DirectConstructorHandleAccessor.newInstance(DirectConstructorHandleAccessor.java:62)\r\n\tat java.base/java.lang.reflect.Constructor.newInstanceWithCaller(Constructor.java:502)\r\n\tat java.base/java.lang.reflect.Constructor.newInstance(Constructor.java:486)\r\n\tat org.openqa.selenium.remote.ErrorCodec.decode(ErrorCodec.java:167)\r\n\tat org.openqa.selenium.remote.codec.w3c.W3CHttpResponseCodec.decode(W3CHttpResponseCodec.java:138)\r\n\tat org.openqa.selenium.remote.codec.w3c.W3CHttpResponseCodec.decode(W3CHttpResponseCodec.java:50)\r\n\tat org.openqa.selenium.remote.HttpCommandExecutor.execute(HttpCommandExecutor.java:190)\r\n\tat org.openqa.selenium.remote.service.DriverCommandExecutor.invokeExecute(DriverCommandExecutor.java:216)\r\n\tat org.openqa.selenium.remote.service.DriverCommandExecutor.execute(DriverCommandExecutor.java:174)\r\n\tat org.openqa.selenium.remote.RemoteWebDriver.execute(RemoteWebDriver.java:518)\r\n\tat org.openqa.selenium.remote.ElementLocation$ElementFinder$2.findElement(ElementLocation.java:165)\r\n\tat org.openqa.selenium.remote.ElementLocation.findElement(ElementLocation.java:59)\r\n\tat org.openqa.selenium.remote.RemoteWebDriver.findElement(RemoteWebDriver.java:355)\r\n\tat org.openqa.selenium.remote.RemoteWebDriver.findElement(RemoteWebDriver.java:349)\r\n\tat nopCommercePages.P03_login.loginEmailTxtFld(P03_login.java:17)\r\n\tat TestCasesDefinitions.D03_resetPassword.user_enters_a_valid_email_address(D03_resetPassword.java:28)\r\n\tat ✽.user enters a valid email address.(file:///C:/Users/tumelog/Desktop/E-Commerce-App-Automation-Testing/EcommerceAppAutomation/src/main/resources/Features/F03-%20ResetPassword.feature:10)\r\n","duration":76212500,"status":"failed"},"line":10,"name":"user enters a valid email address.","match":{"location":"TestCasesDefinitions.D03_resetPassword.user_enters_a_valid_email_address()"},"keyword":"When "},{"result":{"status":"skipped"},"line":11,"name":"user press on recover button.","match":{"location":"TestCasesDefinitions.D03_resetPassword.user_press_on_recover_button()"},"keyword":"And "},{"result":{"status":"skipped"},"line":12,"name":"user could reset password successfully.","match":{"location":"TestCasesDefinitions.D03_resetPassword.user_could_reset_password_successfully()"},"keyword":"Then "}],"tags":[{"name":"@MyRegression"}]},{"line":5,"name":"user opens browser.","description":"","type":"background","keyword":"Background","steps":[{"result":{"duration":314866000,"status":"passed"},"line":6,"name":"user navigates to forget password webpage.","match":{"location":"TestCasesDefinitions.D03_resetPassword.user_navigates_to_forget_password_webpage()"},"keyword":"And "}]},{"start_timestamp":"2024-10-07T09:29:38.991Z","line":15,"name":"user enters invalid not registered email address.","description":"","id":"user-could-reset-his/her-password-successfully;user-enters-invalid-not-registered-email-address.","type":"scenario","keyword":"Scenario","steps":[{"result":{"error_message":"org.openqa.selenium.NoSuchElementException: no such element: Unable to locate element: {\"method\":\"css selector\",\"selector\":\"input[class=\"email\"]\"}\n  (Session info: chrome=129.0.6668.90)\nFor documentation on this error, please visit: https://www.selenium.dev/documentation/webdriver/troubleshooting/errors#no-such-element-exception\nBuild info: version: '4.20.0', revision: '866c76ca80'\nSystem info: os.name: 'Windows 11', os.arch: 'amd64', os.version: '10.0', java.version: '22.0.1'\nDriver info: org.openqa.selenium.chrome.ChromeDriver\nCommand: [ad938b34e45cab9527aed19ee211981b, findElement {using=css selector, value=input[class=\"email\"]}]\nCapabilities {acceptInsecureCerts: false, browserName: chrome, browserVersion: 129.0.6668.90, chrome: {chromedriverVersion: 129.0.6668.89 (951c0b97221f..., userDataDir: C:\\Users\\tumelog\\AppData\\Lo...}, fedcm:accounts: true, goog:chromeOptions: {debuggerAddress: localhost:65075}, networkConnectionEnabled: false, pageLoadStrategy: normal, platformName: windows, proxy: Proxy(), se:cdp: ws://localhost:65075/devtoo..., se:cdpVersion: 129.0.6668.90, setWindowRect: true, strictFileInteractability: false, timeouts: {implicit: 0, pageLoad: 300000, script: 30000}, unhandledPromptBehavior: dismiss and notify, webauthn:extension:credBlob: true, webauthn:extension:largeBlob: true, webauthn:extension:minPinLength: true, webauthn:extension:prf: true, webauthn:virtualAuthenticators: true}\nSession ID: ad938b34e45cab9527aed19ee211981b\r\n\tat java.base/jdk.internal.reflect.DirectConstructorHandleAccessor.newInstance(DirectConstructorHandleAccessor.java:62)\r\n\tat java.base/java.lang.reflect.Constructor.newInstanceWithCaller(Constructor.java:502)\r\n\tat java.base/java.lang.reflect.Constructor.newInstance(Constructor.java:486)\r\n\tat org.openqa.selenium.remote.ErrorCodec.decode(ErrorCodec.java:167)\r\n\tat org.openqa.selenium.remote.codec.w3c.W3CHttpResponseCodec.decode(W3CHttpResponseCodec.java:138)\r\n\tat org.openqa.selenium.remote.codec.w3c.W3CHttpResponseCodec.decode(W3CHttpResponseCodec.java:50)\r\n\tat org.openqa.selenium.remote.HttpCommandExecutor.execute(HttpCommandExecutor.java:190)\r\n\tat org.openqa.selenium.remote.service.DriverCommandExecutor.invokeExecute(DriverCommandExecutor.java:216)\r\n\tat org.openqa.selenium.remote.service.DriverCommandExecutor.execute(DriverCommandExecutor.java:174)\r\n\tat org.openqa.selenium.remote.RemoteWebDriver.execute(RemoteWebDriver.java:518)\r\n\tat org.openqa.selenium.remote.ElementLocation$ElementFinder$2.findElement(ElementLocation.java:165)\r\n\tat org.openqa.selenium.remote.ElementLocation.findElement(ElementLocation.java:59)\r\n\tat org.openqa.selenium.remote.RemoteWebDriver.findElement(RemoteWebDriver.java:355)\r\n\tat org.openqa.selenium.remote.RemoteWebDriver.findElement(RemoteWebDriver.java:349)\r\n\tat nopCommercePages.P03_login.loginEmailTxtFld(P03_login.java:17)\r\n\tat TestCasesDefinitions.D03_resetPassword.user_enters_an_invalid_email_address(D03_resetPassword.java:50)\r\n\tat ✽.user enters an invalid email address.(file:///C:/Users/tumelog/Desktop/E-Commerce-App-Automation-Testing/EcommerceAppAutomation/src/main/resources/Features/F03-%20ResetPassword.feature:16)\r\n","duration":32390800,"status":"failed"},"line":16,"name":"user enters an invalid email address.","match":{"location":"TestCasesDefinitions.D03_resetPassword.user_enters_an_invalid_email_address()"},"keyword":"When "},{"result":{"status":"skipped"},"line":17,"name":"user press on recover button.","match":{"location":"TestCasesDefinitions.D03_resetPassword.user_press_on_recover_button()"},"keyword":"And "},{"result":{"status":"skipped"},"line":18,"name":"user should not be able to reset password.","match":{"location":"TestCasesDefinitions.D03_resetPassword.user_should_not_be_able_to_reset_password()"},"keyword":"Then "}],"tags":[{"name":"@MyRegression"}]}],"name":"User could reset his/her password successfully","description":"","id":"user-could-reset-his/her-password-successfully","keyword":"Feature","uri":"file:src/main/resources/Features/F03-%20ResetPassword.feature","tags":[{"name":"@MyRegression","type":"Tag","location":{"line":1,"column":1}}]},{"line":3,"elements":[{"line":5,"name":"user opens chrome browser.","description":"","type":"background","keyword":"Background","steps":[]},{"start_timestamp":"2024-10-07T09:29:39.390Z","line":9,"name":"logged user should be able to search for any product.","description":"","id":"logged-user-could-search-for-any-product;logged-user-should-be-able-to-search-for-any-product.","type":"scenario","keyword":"Scenario","steps":[{"result":{"error_message":"org.openqa.selenium.NoSuchElementException: no such element: Unable to locate element: {\"method\":\"css selector\",\"selector\":\"input[class=\"search-box-text ui-autocomplete-input\"]\"}\n  (Session info: chrome=129.0.6668.90)\nFor documentation on this error, please visit: https://www.selenium.dev/documentation/webdriver/troubleshooting/errors#no-such-element-exception\nBuild info: version: '4.20.0', revision: '866c76ca80'\nSystem info: os.name: 'Windows 11', os.arch: 'amd64', os.version: '10.0', java.version: '22.0.1'\nDriver info: org.openqa.selenium.chrome.ChromeDriver\nCommand: [ad938b34e45cab9527aed19ee211981b, findElement {using=css selector, value=input[class=\"search-box-text ui-autocomplete-input\"]}]\nCapabilities {acceptInsecureCerts: false, browserName: chrome, browserVersion: 129.0.6668.90, chrome: {chromedriverVersion: 129.0.6668.89 (951c0b97221f..., userDataDir: C:\\Users\\tumelog\\AppData\\Lo...}, fedcm:accounts: true, goog:chromeOptions: {debuggerAddress: localhost:65075}, networkConnectionEnabled: false, pageLoadStrategy: normal, platformName: windows, proxy: Proxy(), se:cdp: ws://localhost:65075/devtoo..., se:cdpVersion: 129.0.6668.90, setWindowRect: true, strictFileInteractability: false, timeouts: {implicit: 0, pageLoad: 300000, script: 30000}, unhandledPromptBehavior: dismiss and notify, webauthn:extension:credBlob: true, webauthn:extension:largeBlob: true, webauthn:extension:minPinLength: true, webauthn:extension:prf: true, webauthn:virtualAuthenticators: true}\nSession ID: ad938b34e45cab9527aed19ee211981b\r\n\tat java.base/jdk.internal.reflect.DirectConstructorHandleAccessor.newInstance(DirectConstructorHandleAccessor.java:62)\r\n\tat java.base/java.lang.reflect.Constructor.newInstanceWithCaller(Constructor.java:502)\r\n\tat java.base/java.lang.reflect.Constructor.newInstance(Constructor.java:486)\r\n\tat org.openqa.selenium.remote.ErrorCodec.decode(ErrorCodec.java:167)\r\n\tat org.openqa.selenium.remote.codec.w3c.W3CHttpResponseCodec.decode(W3CHttpResponseCodec.java:138)\r\n\tat org.openqa.selenium.remote.codec.w3c.W3CHttpResponseCodec.decode(W3CHttpResponseCodec.java:50)\r\n\tat org.openqa.selenium.remote.HttpCommandExecutor.execute(HttpCommandExecutor.java:190)\r\n\tat org.openqa.selenium.remote.service.DriverCommandExecutor.invokeExecute(DriverCommandExecutor.java:216)\r\n\tat org.openqa.selenium.remote.service.DriverCommandExecutor.execute(DriverCommandExecutor.java:174)\r\n\tat org.openqa.selenium.remote.RemoteWebDriver.execute(RemoteWebDriver.java:518)\r\n\tat org.openqa.selenium.remote.ElementLocation$ElementFinder$2.findElement(ElementLocation.java:165)\r\n\tat org.openqa.selenium.remote.ElementLocation.findElement(ElementLocation.java:59)\r\n\tat org.openqa.selenium.remote.RemoteWebDriver.findElement(RemoteWebDriver.java:355)\r\n\tat org.openqa.selenium.remote.RemoteWebDriver.findElement(RemoteWebDriver.java:349)\r\n\tat nopCommercePages.P01_homePage.searchTxtFld(P01_homePage.java:22)\r\n\tat TestCasesDefinitions.D04_search.user_users_the_search_text_field_and_enters_lenovo(D04_search.java:15)\r\n\tat ✽.user uses the search text field and enters lenovo.(file:///C:/Users/tumelog/Desktop/E-Commerce-App-Automation-Testing/EcommerceAppAutomation/src/main/resources/Features/F04-%20Search.feature:12)\r\n","duration":56777400,"status":"failed"},"line":12,"name":"user uses the search text field and enters lenovo.","match":{"location":"TestCasesDefinitions.D04_search.user_users_the_search_text_field_and_enters_lenovo()"},"keyword":"And "},{"result":{"status":"skipped"},"line":13,"name":"user clicks on the search button.","match":{"location":"TestCasesDefinitions.D04_search.user_clicks_on_the_search_button()"},"keyword":"Then "},{"result":{"status":"skipped"},"line":14,"name":"user redirected to a search webpage with the text entered.","match":{"location":"TestCasesDefinitions.D04_search.user_redirected_to_a_search_webpage_with_the_textEntered()"},"keyword":"And "}],"tags":[{"name":"@MyRegression"}]}],"name":"Logged User could search for any product","description":"","id":"logged-user-could-search-for-any-product","keyword":"Feature","uri":"file:src/main/resources/Features/F04-%20Search.feature","tags":[{"name":"@MyRegression","type":"Tag","location":{"line":1,"column":1}}]},{"line":3,"elements":[{"line":5,"name":"user opens chrome browser.","description":"","type":"background","keyword":"Background","steps":[]},{"start_timestamp":"2024-10-07T09:29:39.541Z","line":9,"name":"logged user should be able to change currency from US Dollars to Euro & back.","description":"","id":"logged-user-could-switch-between-currencies-us-euro;logged-user-should-be-able-to-change-currency-from-us-dollars-to-euro-&-back.","type":"scenario","keyword":"Scenario","steps":[{"result":{"error_message":"org.openqa.selenium.NoSuchElementException: no such element: Unable to locate element: {\"method\":\"css selector\",\"selector\":\"input[class=\"search-box-text ui-autocomplete-input\"]\"}\n  (Session info: chrome=129.0.6668.90)\nFor documentation on this error, please visit: https://www.selenium.dev/documentation/webdriver/troubleshooting/errors#no-such-element-exception\nBuild info: version: '4.20.0', revision: '866c76ca80'\nSystem info: os.name: 'Windows 11', os.arch: 'amd64', os.version: '10.0', java.version: '22.0.1'\nDriver info: org.openqa.selenium.chrome.ChromeDriver\nCommand: [ad938b34e45cab9527aed19ee211981b, findElement {using=css selector, value=input[class=\"search-box-text ui-autocomplete-input\"]}]\nCapabilities {acceptInsecureCerts: false, browserName: chrome, browserVersion: 129.0.6668.90, chrome: {chromedriverVersion: 129.0.6668.89 (951c0b97221f..., userDataDir: C:\\Users\\tumelog\\AppData\\Lo...}, fedcm:accounts: true, goog:chromeOptions: {debuggerAddress: localhost:65075}, networkConnectionEnabled: false, pageLoadStrategy: normal, platformName: windows, proxy: Proxy(), se:cdp: ws://localhost:65075/devtoo..., se:cdpVersion: 129.0.6668.90, setWindowRect: true, strictFileInteractability: false, timeouts: {implicit: 0, pageLoad: 300000, script: 30000}, unhandledPromptBehavior: dismiss and notify, webauthn:extension:credBlob: true, webauthn:extension:largeBlob: true, webauthn:extension:minPinLength: true, webauthn:extension:prf: true, webauthn:virtualAuthenticators: true}\nSession ID: ad938b34e45cab9527aed19ee211981b\r\n\tat java.base/jdk.internal.reflect.DirectConstructorHandleAccessor.newInstance(DirectConstructorHandleAccessor.java:62)\r\n\tat java.base/java.lang.reflect.Constructor.newInstanceWithCaller(Constructor.java:502)\r\n\tat java.base/java.lang.reflect.Constructor.newInstance(Constructor.java:486)\r\n\tat org.openqa.selenium.remote.ErrorCodec.decode(ErrorCodec.java:167)\r\n\tat org.openqa.selenium.remote.codec.w3c.W3CHttpResponseCodec.decode(W3CHttpResponseCodec.java:138)\r\n\tat org.openqa.selenium.remote.codec.w3c.W3CHttpResponseCodec.decode(W3CHttpResponseCodec.java:50)\r\n\tat org.openqa.selenium.remote.HttpCommandExecutor.execute(HttpCommandExecutor.java:190)\r\n\tat org.openqa.selenium.remote.service.DriverCommandExecutor.invokeExecute(DriverCommandExecutor.java:216)\r\n\tat org.openqa.selenium.remote.service.DriverCommandExecutor.execute(DriverCommandExecutor.java:174)\r\n\tat org.openqa.selenium.remote.RemoteWebDriver.execute(RemoteWebDriver.java:518)\r\n\tat org.openqa.selenium.remote.ElementLocation$ElementFinder$2.findElement(ElementLocation.java:165)\r\n\tat org.openqa.selenium.remote.ElementLocation.findElement(ElementLocation.java:59)\r\n\tat org.openqa.selenium.remote.RemoteWebDriver.findElement(RemoteWebDriver.java:355)\r\n\tat org.openqa.selenium.remote.RemoteWebDriver.findElement(RemoteWebDriver.java:349)\r\n\tat nopCommercePages.P01_homePage.searchTxtFld(P01_homePage.java:22)\r\n\tat TestCasesDefinitions.D04_search.user_users_the_search_text_field_and_enters_lenovo(D04_search.java:15)\r\n\tat ✽.user uses the search text field and enters lenovo.(file:///C:/Users/tumelog/Desktop/E-Commerce-App-Automation-Testing/EcommerceAppAutomation/src/main/resources/Features/F05-%20CurrencyChange.feature:12)\r\n","duration":184990700,"status":"failed"},"line":12,"name":"user uses the search text field and enters lenovo.","match":{"location":"TestCasesDefinitions.D04_search.user_users_the_search_text_field_and_enters_lenovo()"},"keyword":"And "},{"result":{"duration":703400,"status":"skipped"},"line":13,"name":"user clicks on the search button.","match":{"location":"TestCasesDefinitions.D04_search.user_clicks_on_the_search_button()"},"keyword":"And "},{"result":{"duration":516300,"status":"skipped"},"line":17,"name":"user press on currency list.","match":{"location":"TestCasesDefinitions.D05_currencyChange.user_press_on_currency_list()"},"keyword":"And "},{"result":{"status":"skipped"},"line":18,"name":"user chooses Euro currency.","match":{"location":"TestCasesDefinitions.D05_currencyChange.user_chooses_Euro_currency()"},"keyword":"And "},{"result":{"status":"skipped"},"line":19,"name":"item price changes to Euros.","match":{"location":"TestCasesDefinitions.D05_currencyChange.item_price_changes_to_euros()"},"keyword":"Then "},{"result":{"status":"skipped"},"line":22,"name":"user press on currency list.","match":{"location":"TestCasesDefinitions.D05_currencyChange.user_press_on_currency_list()"},"keyword":"And "},{"result":{"status":"skipped"},"line":23,"name":"user chooses USD currency.","match":{"location":"TestCasesDefinitions.D05_currencyChange.user_chooses_USD_currency()"},"keyword":"And "},{"result":{"status":"skipped"},"line":24,"name":"item price changes to USD.","match":{"location":"TestCasesDefinitions.D05_currencyChange.item_price_changes_to_USD()"},"keyword":"Then "}],"tags":[{"name":"@MyRegression"}]}],"name":"Logged User could switch between currencies US-Euro","description":"","id":"logged-user-could-switch-between-currencies-us-euro","keyword":"Feature","uri":"file:src/main/resources/Features/F05-%20CurrencyChange.feature","tags":[{"name":"@MyRegression","type":"Tag","location":{"line":1,"column":1}}]},{"line":3,"elements":[{"line":5,"name":"user opens chrome browser.","description":"","type":"background","keyword":"Background","steps":[]},{"start_timestamp":"2024-10-07T09:29:39.730Z","line":9,"name":"logged user could select category (Computers) then subcategory (Desktops)","description":"","id":"logged-user-could-select-different-categories;logged-user-could-select-category-(computers)-then-subcategory-(desktops)","type":"scenario","keyword":"Scenario","steps":[{"result":{"error_message":"org.openqa.selenium.NoSuchElementException: no such element: Unable to locate element: {\"method\":\"css selector\",\"selector\":\"ul[class=\"top-menu notmobile\"] > li > [href=\"/computers\"]\"}\n  (Session info: chrome=129.0.6668.90)\nFor documentation on this error, please visit: https://www.selenium.dev/documentation/webdriver/troubleshooting/errors#no-such-element-exception\nBuild info: version: '4.20.0', revision: '866c76ca80'\nSystem info: os.name: 'Windows 11', os.arch: 'amd64', os.version: '10.0', java.version: '22.0.1'\nDriver info: org.openqa.selenium.chrome.ChromeDriver\nCommand: [ad938b34e45cab9527aed19ee211981b, findElement {using=css selector, value=ul[class=\"top-menu notmobile\"] > li > [href=\"/computers\"]}]\nCapabilities {acceptInsecureCerts: false, browserName: chrome, browserVersion: 129.0.6668.90, chrome: {chromedriverVersion: 129.0.6668.89 (951c0b97221f..., userDataDir: C:\\Users\\tumelog\\AppData\\Lo...}, fedcm:accounts: true, goog:chromeOptions: {debuggerAddress: localhost:65075}, networkConnectionEnabled: false, pageLoadStrategy: normal, platformName: windows, proxy: Proxy(), se:cdp: ws://localhost:65075/devtoo..., se:cdpVersion: 129.0.6668.90, setWindowRect: true, strictFileInteractability: false, timeouts: {implicit: 0, pageLoad: 300000, script: 30000}, unhandledPromptBehavior: dismiss and notify, webauthn:extension:credBlob: true, webauthn:extension:largeBlob: true, webauthn:extension:minPinLength: true, webauthn:extension:prf: true, webauthn:virtualAuthenticators: true}\nSession ID: ad938b34e45cab9527aed19ee211981b\r\n\tat java.base/jdk.internal.reflect.DirectConstructorHandleAccessor.newInstance(DirectConstructorHandleAccessor.java:62)\r\n\tat java.base/java.lang.reflect.Constructor.newInstanceWithCaller(Constructor.java:502)\r\n\tat java.base/java.lang.reflect.Constructor.newInstance(Constructor.java:486)\r\n\tat org.openqa.selenium.remote.ErrorCodec.decode(ErrorCodec.java:167)\r\n\tat org.openqa.selenium.remote.codec.w3c.W3CHttpResponseCodec.decode(W3CHttpResponseCodec.java:138)\r\n\tat org.openqa.selenium.remote.codec.w3c.W3CHttpResponseCodec.decode(W3CHttpResponseCodec.java:50)\r\n\tat org.openqa.selenium.remote.HttpCommandExecutor.execute(HttpCommandExecutor.java:190)\r\n\tat org.openqa.selenium.remote.service.DriverCommandExecutor.invokeExecute(DriverCommandExecutor.java:216)\r\n\tat org.openqa.selenium.remote.service.DriverCommandExecutor.execute(DriverCommandExecutor.java:174)\r\n\tat org.openqa.selenium.remote.RemoteWebDriver.execute(RemoteWebDriver.java:518)\r\n\tat org.openqa.selenium.remote.ElementLocation$ElementFinder$2.findElement(ElementLocation.java:165)\r\n\tat org.openqa.selenium.remote.ElementLocation.findElement(ElementLocation.java:59)\r\n\tat org.openqa.selenium.remote.RemoteWebDriver.findElement(RemoteWebDriver.java:355)\r\n\tat org.openqa.selenium.remote.RemoteWebDriver.findElement(RemoteWebDriver.java:349)\r\n\tat nopCommercePages.P01_homePage.computersCategory(P01_homePage.java:34)\r\n\tat TestCasesDefinitions.D06_categories.user_press_on_Computers_from_homepage(D06_categories.java:15)\r\n\tat ✽.user press on Computers from homepage.(file:///C:/Users/tumelog/Desktop/E-Commerce-App-Automation-Testing/EcommerceAppAutomation/src/main/resources/Features/F06-%20Categories.feature:12)\r\n","duration":1586987500,"status":"failed"},"line":12,"name":"user press on Computers from homepage.","match":{"location":"TestCasesDefinitions.D06_categories.user_press_on_Computers_from_homepage()"},"keyword":"And "},{"result":{"status":"skipped"},"line":13,"name":"user press on Desktops option.","match":{"location":"TestCasesDefinitions.D06_categories.user_press_on_Desktops_option()"},"keyword":"And "},{"result":{"status":"skipped"},"line":14,"name":"webpage redirects to Desktops subcategory.","match":{"location":"TestCasesDefinitions.D06_categories.webpage_redirects_to_Desktops_subcategory()"},"keyword":"Then "},{"result":{"status":"skipped"},"line":15,"name":"webpage shows a Desktop computer.","match":{"location":"TestCasesDefinitions.D06_categories.webpage_shows_a_Desktop_computer()"},"keyword":"And "}],"tags":[{"name":"@MyRegression"}]}],"name":"Logged user could select different Categories","description":"","id":"logged-user-could-select-different-categories","keyword":"Feature","uri":"file:src/main/resources/Features/F06-%20Categories.feature","tags":[{"name":"@MyRegression","type":"Tag","location":{"line":1,"column":1}}]},{"line":3,"elements":[{"line":5,"name":"user opens chrome browser.","description":"","type":"background","keyword":"Background","steps":[]},{"start_timestamp":"2024-10-07T09:29:41.330Z","line":9,"name":"logged user could filter with red colour in Shoes Subcategory.","description":"","id":"logged-user-could-filter-with-color;logged-user-could-filter-with-red-colour-in-shoes-subcategory.","type":"scenario","keyword":"Scenario","steps":[{"result":{"error_message":"org.openqa.selenium.NoSuchElementException: no such element: Unable to locate element: {\"method\":\"css selector\",\"selector\":\"ul[class=\"top-menu notmobile\"] > li > a[href=\"/apparel\"]\"}\n  (Session info: chrome=129.0.6668.90)\nFor documentation on this error, please visit: https://www.selenium.dev/documentation/webdriver/troubleshooting/errors#no-such-element-exception\nBuild info: version: '4.20.0', revision: '866c76ca80'\nSystem info: os.name: 'Windows 11', os.arch: 'amd64', os.version: '10.0', java.version: '22.0.1'\nDriver info: org.openqa.selenium.chrome.ChromeDriver\nCommand: [ad938b34e45cab9527aed19ee211981b, findElement {using=css selector, value=ul[class=\"top-menu notmobile\"] > li > a[href=\"/apparel\"]}]\nCapabilities {acceptInsecureCerts: false, browserName: chrome, browserVersion: 129.0.6668.90, chrome: {chromedriverVersion: 129.0.6668.89 (951c0b97221f..., userDataDir: C:\\Users\\tumelog\\AppData\\Lo...}, fedcm:accounts: true, goog:chromeOptions: {debuggerAddress: localhost:65075}, networkConnectionEnabled: false, pageLoadStrategy: normal, platformName: windows, proxy: Proxy(), se:cdp: ws://localhost:65075/devtoo..., se:cdpVersion: 129.0.6668.90, setWindowRect: true, strictFileInteractability: false, timeouts: {implicit: 0, pageLoad: 300000, script: 30000}, unhandledPromptBehavior: dismiss and notify, webauthn:extension:credBlob: true, webauthn:extension:largeBlob: true, webauthn:extension:minPinLength: true, webauthn:extension:prf: true, webauthn:virtualAuthenticators: true}\nSession ID: ad938b34e45cab9527aed19ee211981b\r\n\tat java.base/jdk.internal.reflect.DirectConstructorHandleAccessor.newInstance(DirectConstructorHandleAccessor.java:62)\r\n\tat java.base/java.lang.reflect.Constructor.newInstanceWithCaller(Constructor.java:502)\r\n\tat java.base/java.lang.reflect.Constructor.newInstance(Constructor.java:486)\r\n\tat org.openqa.selenium.remote.ErrorCodec.decode(ErrorCodec.java:167)\r\n\tat org.openqa.selenium.remote.codec.w3c.W3CHttpResponseCodec.decode(W3CHttpResponseCodec.java:138)\r\n\tat org.openqa.selenium.remote.codec.w3c.W3CHttpResponseCodec.decode(W3CHttpResponseCodec.java:50)\r\n\tat org.openqa.selenium.remote.HttpCommandExecutor.execute(HttpCommandExecutor.java:190)\r\n\tat org.openqa.selenium.remote.service.DriverCommandExecutor.invokeExecute(DriverCommandExecutor.java:216)\r\n\tat org.openqa.selenium.remote.service.DriverCommandExecutor.execute(DriverCommandExecutor.java:174)\r\n\tat org.openqa.selenium.remote.RemoteWebDriver.execute(RemoteWebDriver.java:518)\r\n\tat org.openqa.selenium.remote.ElementLocation$ElementFinder$2.findElement(ElementLocation.java:165)\r\n\tat org.openqa.selenium.remote.ElementLocation.findElement(ElementLocation.java:59)\r\n\tat org.openqa.selenium.remote.RemoteWebDriver.findElement(RemoteWebDriver.java:355)\r\n\tat org.openqa.selenium.remote.RemoteWebDriver.findElement(RemoteWebDriver.java:349)\r\n\tat nopCommercePages.P01_homePage.apparelCategory(P01_homePage.java:46)\r\n\tat TestCasesDefinitions.D07_filterWithColour.user_press_on_Apparel_from_homepage(D07_filterWithColour.java:19)\r\n\tat ✽.user press on Apparel from homepage.(file:///C:/Users/tumelog/Desktop/E-Commerce-App-Automation-Testing/EcommerceAppAutomation/src/main/resources/Features/F07-%20FilterWithColour.feature:12)\r\n","duration":275242600,"status":"failed"},"line":12,"name":"user press on Apparel from homepage.","match":{"location":"TestCasesDefinitions.D07_filterWithColour.user_press_on_Apparel_from_homepage()"},"keyword":"And "},{"result":{"status":"skipped"},"line":13,"name":"user press on Shoes subcategory.","match":{"location":"TestCasesDefinitions.D07_filterWithColour.user_press_on_shoes_subcategory()"},"keyword":"And "},{"result":{"status":"skipped"},"line":14,"name":"user press on red checkbox.","match":{"location":"TestCasesDefinitions.D07_filterWithColour.user_press_on_red_checkbox()"},"keyword":"And "},{"result":{"status":"skipped"},"line":15,"name":"user gets Shoes options with red colour.","match":{"location":"TestCasesDefinitions.D07_filterWithColour.userGetsShoesOptionsWithRedColour()"},"keyword":"Then "}],"tags":[{"name":"@MyRegression"}]}],"name":"Logged user could filter with color","description":"","id":"logged-user-could-filter-with-color","keyword":"Feature","uri":"file:src/main/resources/Features/F07-%20FilterWithColour.feature","tags":[{"name":"@MyRegression","type":"Tag","location":{"line":1,"column":1}}]},{"line":3,"elements":[{"line":5,"name":"user opens chrome browser.","description":"","type":"background","keyword":"Background","steps":[]},{"start_timestamp":"2024-10-07T09:29:41.624Z","line":9,"name":"logged user could select different tags.","description":"","id":"logged-user-could-select-different-tags.;logged-user-could-select-different-tags.","type":"scenario","keyword":"Scenario","steps":[{"result":{"error_message":"org.openqa.selenium.NoSuchElementException: no such element: Unable to locate element: {\"method\":\"css selector\",\"selector\":\"ul[class=\"top-menu notmobile\"] > li > [href=\"/computers\"]\"}\n  (Session info: chrome=129.0.6668.90)\nFor documentation on this error, please visit: https://www.selenium.dev/documentation/webdriver/troubleshooting/errors#no-such-element-exception\nBuild info: version: '4.20.0', revision: '866c76ca80'\nSystem info: os.name: 'Windows 11', os.arch: 'amd64', os.version: '10.0', java.version: '22.0.1'\nDriver info: org.openqa.selenium.chrome.ChromeDriver\nCommand: [ad938b34e45cab9527aed19ee211981b, findElement {using=css selector, value=ul[class=\"top-menu notmobile\"] > li > [href=\"/computers\"]}]\nCapabilities {acceptInsecureCerts: false, browserName: chrome, browserVersion: 129.0.6668.90, chrome: {chromedriverVersion: 129.0.6668.89 (951c0b97221f..., userDataDir: C:\\Users\\tumelog\\AppData\\Lo...}, fedcm:accounts: true, goog:chromeOptions: {debuggerAddress: localhost:65075}, networkConnectionEnabled: false, pageLoadStrategy: normal, platformName: windows, proxy: Proxy(), se:cdp: ws://localhost:65075/devtoo..., se:cdpVersion: 129.0.6668.90, setWindowRect: true, strictFileInteractability: false, timeouts: {implicit: 0, pageLoad: 300000, script: 30000}, unhandledPromptBehavior: dismiss and notify, webauthn:extension:credBlob: true, webauthn:extension:largeBlob: true, webauthn:extension:minPinLength: true, webauthn:extension:prf: true, webauthn:virtualAuthenticators: true}\nSession ID: ad938b34e45cab9527aed19ee211981b\r\n\tat java.base/jdk.internal.reflect.DirectConstructorHandleAccessor.newInstance(DirectConstructorHandleAccessor.java:62)\r\n\tat java.base/java.lang.reflect.Constructor.newInstanceWithCaller(Constructor.java:502)\r\n\tat java.base/java.lang.reflect.Constructor.newInstance(Constructor.java:486)\r\n\tat org.openqa.selenium.remote.ErrorCodec.decode(ErrorCodec.java:167)\r\n\tat org.openqa.selenium.remote.codec.w3c.W3CHttpResponseCodec.decode(W3CHttpResponseCodec.java:138)\r\n\tat org.openqa.selenium.remote.codec.w3c.W3CHttpResponseCodec.decode(W3CHttpResponseCodec.java:50)\r\n\tat org.openqa.selenium.remote.HttpCommandExecutor.execute(HttpCommandExecutor.java:190)\r\n\tat org.openqa.selenium.remote.service.DriverCommandExecutor.invokeExecute(DriverCommandExecutor.java:216)\r\n\tat org.openqa.selenium.remote.service.DriverCommandExecutor.execute(DriverCommandExecutor.java:174)\r\n\tat org.openqa.selenium.remote.RemoteWebDriver.execute(RemoteWebDriver.java:518)\r\n\tat org.openqa.selenium.remote.ElementLocation$ElementFinder$2.findElement(ElementLocation.java:165)\r\n\tat org.openqa.selenium.remote.ElementLocation.findElement(ElementLocation.java:59)\r\n\tat org.openqa.selenium.remote.RemoteWebDriver.findElement(RemoteWebDriver.java:355)\r\n\tat org.openqa.selenium.remote.RemoteWebDriver.findElement(RemoteWebDriver.java:349)\r\n\tat nopCommercePages.P01_homePage.computersCategory(P01_homePage.java:34)\r\n\tat TestCasesDefinitions.D06_categories.user_press_on_Computers_from_homepage(D06_categories.java:15)\r\n\tat ✽.user press on Computers from homepage.(file:///C:/Users/tumelog/Desktop/E-Commerce-App-Automation-Testing/EcommerceAppAutomation/src/main/resources/Features/F08-%20Tags.feature:12)\r\n","duration":143680500,"status":"failed"},"line":12,"name":"user press on Computers from homepage.","match":{"location":"TestCasesDefinitions.D06_categories.user_press_on_Computers_from_homepage()"},"keyword":"And "},{"result":{"status":"skipped"},"line":15,"name":"user press on awesome tag option.","match":{"location":"TestCasesDefinitions.D08_Tags.user_press_on_awesome_tag_option()"},"keyword":"And "},{"result":{"status":"skipped"},"line":16,"name":"webpage redirect to products tagged with awesome.","match":{"location":"TestCasesDefinitions.D08_Tags.webpage_redirect_to_products_tagged_with_awesome()"},"keyword":"Then "},{"result":{"status":"skipped"},"line":17,"name":"text field containing products tagged with awesome shown.","match":{"location":"TestCasesDefinitions.D08_Tags.text_field_containing_products_tagged_with_awesome_shown()"},"keyword":"And "},{"result":{"status":"skipped"},"line":18,"name":"user press on cool tag option.","match":{"location":"TestCasesDefinitions.D08_Tags.user_press_on_cool_tag_option()"},"keyword":"Then "},{"result":{"status":"skipped"},"line":19,"name":"webpage redirect to products tagged with cool.","match":{"location":"TestCasesDefinitions.D08_Tags.webpage_redirect_to_products_tagged_with_cool()"},"keyword":"And "},{"result":{"status":"skipped"},"line":20,"name":"text field containing products tagged with cool shown.","match":{"location":"TestCasesDefinitions.D08_Tags.text_field_containing_products_tagged_with_cool_shown()"},"keyword":"And "}],"tags":[{"name":"@MyRegression"}]}],"name":"Logged user could select different tags.","description":"","id":"logged-user-could-select-different-tags.","keyword":"Feature","uri":"file:src/main/resources/Features/F08-%20Tags.feature","tags":[{"name":"@MyRegression","type":"Tag","location":{"line":1,"column":1}}]},{"line":3,"elements":[{"line":5,"name":"user opens chrome browser.","description":"","type":"background","keyword":"Background","steps":[]},{"start_timestamp":"2024-10-07T09:29:41.786Z","line":10,"name":"Logged user add 2 products to shopping cart","description":"","id":"logged-user-could-add-different-products-to-shopping-cart.;logged-user-add-2-products-to-shopping-cart","type":"scenario","keyword":"Scenario","steps":[{"result":{"error_message":"org.openqa.selenium.NoSuchElementException: no such element: Unable to locate element: {\"method\":\"css selector\",\"selector\":\"ul[class=\"top-menu notmobile\"] > li > [href=\"/computers\"]\"}\n  (Session info: chrome=129.0.6668.90)\nFor documentation on this error, please visit: https://www.selenium.dev/documentation/webdriver/troubleshooting/errors#no-such-element-exception\nBuild info: version: '4.20.0', revision: '866c76ca80'\nSystem info: os.name: 'Windows 11', os.arch: 'amd64', os.version: '10.0', java.version: '22.0.1'\nDriver info: org.openqa.selenium.chrome.ChromeDriver\nCommand: [ad938b34e45cab9527aed19ee211981b, findElement {using=css selector, value=ul[class=\"top-menu notmobile\"] > li > [href=\"/computers\"]}]\nCapabilities {acceptInsecureCerts: false, browserName: chrome, browserVersion: 129.0.6668.90, chrome: {chromedriverVersion: 129.0.6668.89 (951c0b97221f..., userDataDir: C:\\Users\\tumelog\\AppData\\Lo...}, fedcm:accounts: true, goog:chromeOptions: {debuggerAddress: localhost:65075}, networkConnectionEnabled: false, pageLoadStrategy: normal, platformName: windows, proxy: Proxy(), se:cdp: ws://localhost:65075/devtoo..., se:cdpVersion: 129.0.6668.90, setWindowRect: true, strictFileInteractability: false, timeouts: {implicit: 0, pageLoad: 300000, script: 30000}, unhandledPromptBehavior: dismiss and notify, webauthn:extension:credBlob: true, webauthn:extension:largeBlob: true, webauthn:extension:minPinLength: true, webauthn:extension:prf: true, webauthn:virtualAuthenticators: true}\nSession ID: ad938b34e45cab9527aed19ee211981b\r\n\tat java.base/jdk.internal.reflect.DirectConstructorHandleAccessor.newInstance(DirectConstructorHandleAccessor.java:62)\r\n\tat java.base/java.lang.reflect.Constructor.newInstanceWithCaller(Constructor.java:502)\r\n\tat java.base/java.lang.reflect.Constructor.newInstance(Constructor.java:486)\r\n\tat org.openqa.selenium.remote.ErrorCodec.decode(ErrorCodec.java:167)\r\n\tat org.openqa.selenium.remote.codec.w3c.W3CHttpResponseCodec.decode(W3CHttpResponseCodec.java:138)\r\n\tat org.openqa.selenium.remote.codec.w3c.W3CHttpResponseCodec.decode(W3CHttpResponseCodec.java:50)\r\n\tat org.openqa.selenium.remote.HttpCommandExecutor.execute(HttpCommandExecutor.java:190)\r\n\tat org.openqa.selenium.remote.service.DriverCommandExecutor.invokeExecute(DriverCommandExecutor.java:216)\r\n\tat org.openqa.selenium.remote.service.DriverCommandExecutor.execute(DriverCommandExecutor.java:174)\r\n\tat org.openqa.selenium.remote.RemoteWebDriver.execute(RemoteWebDriver.java:518)\r\n\tat org.openqa.selenium.remote.ElementLocation$ElementFinder$2.findElement(ElementLocation.java:165)\r\n\tat org.openqa.selenium.remote.ElementLocation.findElement(ElementLocation.java:59)\r\n\tat org.openqa.selenium.remote.RemoteWebDriver.findElement(RemoteWebDriver.java:355)\r\n\tat org.openqa.selenium.remote.RemoteWebDriver.findElement(RemoteWebDriver.java:349)\r\n\tat nopCommercePages.P01_homePage.computersCategory(P01_homePage.java:34)\r\n\tat TestCasesDefinitions.D06_categories.user_press_on_Computers_from_homepage(D06_categories.java:15)\r\n\tat ✽.user press on Computers from homepage.(file:///C:/Users/tumelog/Desktop/E-Commerce-App-Automation-Testing/EcommerceAppAutomation/src/main/resources/Features/F09-%20ShoppingCart.feature:13)\r\n","duration":160022000,"status":"failed"},"line":13,"name":"user press on Computers from homepage.","match":{"location":"TestCasesDefinitions.D06_categories.user_press_on_Computers_from_homepage()"},"keyword":"And "},{"result":{"status":"skipped"},"line":14,"name":"user press on Desktops option.","match":{"location":"TestCasesDefinitions.D06_categories.user_press_on_Desktops_option()"},"keyword":"And "},{"result":{"status":"skipped"},"line":18,"name":"user press add to cart on 2nd product choice twice.","match":{"location":"TestCasesDefinitions.D09_shoppingCart.user_press_add_to_cart_on_2nd_product_choice_twice()"},"keyword":"And "},{"result":{"status":"skipped"},"line":19,"name":"product has been added to cart message displayed.","match":{"location":"TestCasesDefinitions.D09_shoppingCart.product_has_been_added_to_cart_message_displayed()"},"keyword":"Then "},{"result":{"status":"skipped"},"line":22,"name":"user press add to cart on the 3rd product choice.","match":{"location":"TestCasesDefinitions.D09_shoppingCart.user_press_add_to_cart_on_the_3rd_product_choice()"},"keyword":"And "},{"result":{"status":"skipped"},"line":23,"name":"product has been added to cart message displayed.","match":{"location":"TestCasesDefinitions.D09_shoppingCart.product_has_been_added_to_cart_message_displayed()"},"keyword":"Then "},{"result":{"status":"skipped"},"line":26,"name":"user press on shopping cart in header.","match":{"location":"TestCasesDefinitions.D09_shoppingCart.user_press_on_shopping_cart_in_header()"},"keyword":"And "},{"result":{"status":"skipped"},"line":27,"name":"webpage redirect to shopping cart.","match":{"location":"TestCasesDefinitions.D09_shoppingCart.webpage_redirect_to_shopping_cart()"},"keyword":"Then "},{"result":{"status":"skipped"},"line":28,"name":"2nd product choice is displayed.","match":{"location":"TestCasesDefinitions.D09_shoppingCart.second_item_choice_is_displayed()"},"keyword":"And "},{"result":{"status":"skipped"},"line":29,"name":"3rd product choice is displayed.","match":{"location":"TestCasesDefinitions.D09_shoppingCart.third_item_choice_is_displayed()"},"keyword":"And "},{"result":{"status":"skipped"},"line":32,"name":"user changes quantity of the 2nd product to 5 pieces.","match":{"location":"TestCasesDefinitions.D09_shoppingCart.user_changes_quantity_of_the_2nd_item()"},"keyword":"Then "},{"result":{"status":"skipped"},"line":33,"name":"user press on update shopping cart button.","match":{"location":"TestCasesDefinitions.D09_shoppingCart.user_press_on_update_shopping_cart_button()"},"keyword":"And "},{"result":{"status":"skipped"},"line":34,"name":"product subtotal changes.","match":{"location":"TestCasesDefinitions.D09_shoppingCart.item_subtotal_changes()"},"keyword":"Then "},{"result":{"status":"skipped"},"line":38,"name":"user press on remove button of 2nd product.","match":{"location":"TestCasesDefinitions.D09_shoppingCart.user_press_on_remove_button_of_2nd_item()"},"keyword":"Then "},{"result":{"status":"skipped"},"line":39,"name":"user press on update shopping cart button.","match":{"location":"TestCasesDefinitions.D09_shoppingCart.user_press_on_update_shopping_cart_button()"},"keyword":"And "},{"result":{"status":"skipped"},"line":40,"name":"cart total changes after removal of 2nd product.","match":{"location":"TestCasesDefinitions.D09_shoppingCart.cart_total_changes_after_removal_of_2nd_item()"},"keyword":"And "}],"tags":[{"name":"@MyRegression"}]}],"name":"Logged user could add different products to Shopping cart.","description":"","id":"logged-user-could-add-different-products-to-shopping-cart.","keyword":"Feature","uri":"file:src/main/resources/Features/F09-%20ShoppingCart.feature","tags":[{"name":"@MyRegression","type":"Tag","location":{"line":1,"column":1}}]},{"line":3,"elements":[{"line":5,"name":"user opens chrome browser.","description":"","type":"background","keyword":"Background","steps":[]},{"start_timestamp":"2024-10-07T09:29:41.950Z","line":9,"name":"user adds two desktop products to his/her wishlist.","description":"","id":"logged-user-could-add-different-products-to-wishlist;user-adds-two-desktop-products-to-his/her-wishlist.","type":"scenario","keyword":"Scenario","steps":[{"result":{"error_message":"org.openqa.selenium.NoSuchElementException: no such element: Unable to locate element: {\"method\":\"css selector\",\"selector\":\"ul[class=\"top-menu notmobile\"] > li > [href=\"/computers\"]\"}\n  (Session info: chrome=129.0.6668.90)\nFor documentation on this error, please visit: https://www.selenium.dev/documentation/webdriver/troubleshooting/errors#no-such-element-exception\nBuild info: version: '4.20.0', revision: '866c76ca80'\nSystem info: os.name: 'Windows 11', os.arch: 'amd64', os.version: '10.0', java.version: '22.0.1'\nDriver info: org.openqa.selenium.chrome.ChromeDriver\nCommand: [ad938b34e45cab9527aed19ee211981b, findElement {using=css selector, value=ul[class=\"top-menu notmobile\"] > li > [href=\"/computers\"]}]\nCapabilities {acceptInsecureCerts: false, browserName: chrome, browserVersion: 129.0.6668.90, chrome: {chromedriverVersion: 129.0.6668.89 (951c0b97221f..., userDataDir: C:\\Users\\tumelog\\AppData\\Lo...}, fedcm:accounts: true, goog:chromeOptions: {debuggerAddress: localhost:65075}, networkConnectionEnabled: false, pageLoadStrategy: normal, platformName: windows, proxy: Proxy(), se:cdp: ws://localhost:65075/devtoo..., se:cdpVersion: 129.0.6668.90, setWindowRect: true, strictFileInteractability: false, timeouts: {implicit: 0, pageLoad: 300000, script: 30000}, unhandledPromptBehavior: dismiss and notify, webauthn:extension:credBlob: true, webauthn:extension:largeBlob: true, webauthn:extension:minPinLength: true, webauthn:extension:prf: true, webauthn:virtualAuthenticators: true}\nSession ID: ad938b34e45cab9527aed19ee211981b\r\n\tat java.base/jdk.internal.reflect.DirectConstructorHandleAccessor.newInstance(DirectConstructorHandleAccessor.java:62)\r\n\tat java.base/java.lang.reflect.Constructor.newInstanceWithCaller(Constructor.java:502)\r\n\tat java.base/java.lang.reflect.Constructor.newInstance(Constructor.java:486)\r\n\tat org.openqa.selenium.remote.ErrorCodec.decode(ErrorCodec.java:167)\r\n\tat org.openqa.selenium.remote.codec.w3c.W3CHttpResponseCodec.decode(W3CHttpResponseCodec.java:138)\r\n\tat org.openqa.selenium.remote.codec.w3c.W3CHttpResponseCodec.decode(W3CHttpResponseCodec.java:50)\r\n\tat org.openqa.selenium.remote.HttpCommandExecutor.execute(HttpCommandExecutor.java:190)\r\n\tat org.openqa.selenium.remote.service.DriverCommandExecutor.invokeExecute(DriverCommandExecutor.java:216)\r\n\tat org.openqa.selenium.remote.service.DriverCommandExecutor.execute(DriverCommandExecutor.java:174)\r\n\tat org.openqa.selenium.remote.RemoteWebDriver.execute(RemoteWebDriver.java:518)\r\n\tat org.openqa.selenium.remote.ElementLocation$ElementFinder$2.findElement(ElementLocation.java:165)\r\n\tat org.openqa.selenium.remote.ElementLocation.findElement(ElementLocation.java:59)\r\n\tat org.openqa.selenium.remote.RemoteWebDriver.findElement(RemoteWebDriver.java:355)\r\n\tat org.openqa.selenium.remote.RemoteWebDriver.findElement(RemoteWebDriver.java:349)\r\n\tat nopCommercePages.P01_homePage.computersCategory(P01_homePage.java:34)\r\n\tat TestCasesDefinitions.D06_categories.user_press_on_Computers_from_homepage(D06_categories.java:15)\r\n\tat ✽.user press on Computers from homepage.(file:///C:/Users/tumelog/Desktop/E-Commerce-App-Automation-Testing/EcommerceAppAutomation/src/main/resources/Features/F10-%20Wishlist.feature:12)\r\n","duration":247884100,"status":"failed"},"line":12,"name":"user press on Computers from homepage.","match":{"location":"TestCasesDefinitions.D06_categories.user_press_on_Computers_from_homepage()"},"keyword":"And "},{"result":{"status":"skipped"},"line":13,"name":"user press on Desktops option.","match":{"location":"TestCasesDefinitions.D06_categories.user_press_on_Desktops_option()"},"keyword":"And "},{"result":{"status":"skipped"},"line":16,"name":"user clicks on add to wishlist button for 2nd product.","match":{"location":"TestCasesDefinitions.D10_wishList.user_clicks_on_add_to_wishlist_button_for_2nd_product()"},"keyword":"And "},{"result":{"status":"skipped"},"line":17,"name":"product has been added to wishlist message displayed.","match":{"location":"TestCasesDefinitions.D10_wishList.product_has_been_added_to_wishlist_message_displayed()"},"keyword":"And "},{"result":{"status":"skipped"},"line":18,"name":"user clicks on add to wishlist button for 3rd product.","match":{"location":"TestCasesDefinitions.D10_wishList.user_clicks_on_add_to_wishlist_button_for_3rd_product()"},"keyword":"And "},{"result":{"status":"skipped"},"line":19,"name":"product has been added to wishlist message displayed.","match":{"location":"TestCasesDefinitions.D10_wishList.product_has_been_added_to_wishlist_message_displayed()"},"keyword":"And "},{"result":{"status":"skipped"},"line":20,"name":"user press on wishlist in webpage header.","match":{"location":"TestCasesDefinitions.D10_wishList.user_press_on_wishlist_in_header()"},"keyword":"Then "},{"result":{"status":"skipped"},"line":21,"name":"webpage redirects to wishlist.","match":{"location":"TestCasesDefinitions.D10_wishList.webpage_redirects_to_wishlist()"},"keyword":"And "},{"result":{"status":"skipped"},"line":22,"name":"2nd product is displayed.","match":{"location":"TestCasesDefinitions.D10_wishList.second_product_is_Displayed()"},"keyword":"And "},{"result":{"status":"skipped"},"line":23,"name":"3rd product is displayed.","match":{"location":"TestCasesDefinitions.D10_wishList.third_product_is_Displayed()"},"keyword":"And "},{"result":{"status":"skipped"},"line":26,"name":"user removes 2nd product from wishlist.","match":{"location":"TestCasesDefinitions.D10_wishList.user_removes_2nd_product_from_wishlist()"},"keyword":"Then "},{"result":{"status":"skipped"},"line":27,"name":"2nd product is removed from wishlist.","match":{"location":"TestCasesDefinitions.D10_wishList.second_product_is_removed_from_wishlist()"},"keyword":"And "}],"tags":[{"name":"@MyRegression"}]}],"name":"Logged user could add different products to Wishlist","description":"","id":"logged-user-could-add-different-products-to-wishlist","keyword":"Feature","uri":"file:src/main/resources/Features/F10-%20Wishlist.feature","tags":[{"name":"@MyRegression","type":"Tag","location":{"line":1,"column":1}}]},{"line":3,"elements":[{"line":5,"name":"user opens chrome browser.","description":"","type":"background","keyword":"Background","steps":[]},{"start_timestamp":"2024-10-07T09:29:42.213Z","line":9,"name":"Logged user could add 2nd and 3rd computer desktops to his/her compare list.","description":"","id":"logged-user-could-add-different-products-to-compare-list;logged-user-could-add-2nd-and-3rd-computer-desktops-to-his/her-compare-list.","type":"scenario","keyword":"Scenario","steps":[{"result":{"error_message":"org.openqa.selenium.NoSuchElementException: no such element: Unable to locate element: {\"method\":\"css selector\",\"selector\":\"ul[class=\"top-menu notmobile\"] > li > [href=\"/computers\"]\"}\n  (Session info: chrome=129.0.6668.90)\nFor documentation on this error, please visit: https://www.selenium.dev/documentation/webdriver/troubleshooting/errors#no-such-element-exception\nBuild info: version: '4.20.0', revision: '866c76ca80'\nSystem info: os.name: 'Windows 11', os.arch: 'amd64', os.version: '10.0', java.version: '22.0.1'\nDriver info: org.openqa.selenium.chrome.ChromeDriver\nCommand: [ad938b34e45cab9527aed19ee211981b, findElement {using=css selector, value=ul[class=\"top-menu notmobile\"] > li > [href=\"/computers\"]}]\nCapabilities {acceptInsecureCerts: false, browserName: chrome, browserVersion: 129.0.6668.90, chrome: {chromedriverVersion: 129.0.6668.89 (951c0b97221f..., userDataDir: C:\\Users\\tumelog\\AppData\\Lo...}, fedcm:accounts: true, goog:chromeOptions: {debuggerAddress: localhost:65075}, networkConnectionEnabled: false, pageLoadStrategy: normal, platformName: windows, proxy: Proxy(), se:cdp: ws://localhost:65075/devtoo..., se:cdpVersion: 129.0.6668.90, setWindowRect: true, strictFileInteractability: false, timeouts: {implicit: 0, pageLoad: 300000, script: 30000}, unhandledPromptBehavior: dismiss and notify, webauthn:extension:credBlob: true, webauthn:extension:largeBlob: true, webauthn:extension:minPinLength: true, webauthn:extension:prf: true, webauthn:virtualAuthenticators: true}\nSession ID: ad938b34e45cab9527aed19ee211981b\r\n\tat java.base/jdk.internal.reflect.DirectConstructorHandleAccessor.newInstance(DirectConstructorHandleAccessor.java:62)\r\n\tat java.base/java.lang.reflect.Constructor.newInstanceWithCaller(Constructor.java:502)\r\n\tat java.base/java.lang.reflect.Constructor.newInstance(Constructor.java:486)\r\n\tat org.openqa.selenium.remote.ErrorCodec.decode(ErrorCodec.java:167)\r\n\tat org.openqa.selenium.remote.codec.w3c.W3CHttpResponseCodec.decode(W3CHttpResponseCodec.java:138)\r\n\tat org.openqa.selenium.remote.codec.w3c.W3CHttpResponseCodec.decode(W3CHttpResponseCodec.java:50)\r\n\tat org.openqa.selenium.remote.HttpCommandExecutor.execute(HttpCommandExecutor.java:190)\r\n\tat org.openqa.selenium.remote.service.DriverCommandExecutor.invokeExecute(DriverCommandExecutor.java:216)\r\n\tat org.openqa.selenium.remote.service.DriverCommandExecutor.execute(DriverCommandExecutor.java:174)\r\n\tat org.openqa.selenium.remote.RemoteWebDriver.execute(RemoteWebDriver.java:518)\r\n\tat org.openqa.selenium.remote.ElementLocation$ElementFinder$2.findElement(ElementLocation.java:165)\r\n\tat org.openqa.selenium.remote.ElementLocation.findElement(ElementLocation.java:59)\r\n\tat org.openqa.selenium.remote.RemoteWebDriver.findElement(RemoteWebDriver.java:355)\r\n\tat org.openqa.selenium.remote.RemoteWebDriver.findElement(RemoteWebDriver.java:349)\r\n\tat nopCommercePages.P01_homePage.computersCategory(P01_homePage.java:34)\r\n\tat TestCasesDefinitions.D06_categories.user_press_on_Computers_from_homepage(D06_categories.java:15)\r\n\tat ✽.user press on Computers from homepage.(file:///C:/Users/tumelog/Desktop/E-Commerce-App-Automation-Testing/EcommerceAppAutomation/src/main/resources/Features/F11-%20Comparelist.feature:12)\r\n","duration":47197000,"status":"failed"},"line":12,"name":"user press on Computers from homepage.","match":{"location":"TestCasesDefinitions.D06_categories.user_press_on_Computers_from_homepage()"},"keyword":"And "},{"result":{"status":"skipped"},"line":13,"name":"user press on Desktops option.","match":{"location":"TestCasesDefinitions.D06_categories.user_press_on_Desktops_option()"},"keyword":"And "},{"result":{"status":"skipped"},"line":16,"name":"user press on 2nd product add to compare list button.","match":{"location":"TestCasesDefinitions.D11_compareList.user_press_on_2nd_product_add_to_compare_list_button()"},"keyword":"And "},{"result":{"status":"skipped"},"line":17,"name":"product has been added to compare list message displayed.","match":{"location":"TestCasesDefinitions.D11_compareList.product_has_been_added_to_compare_list_message_displayed()"},"keyword":"Then "},{"result":{"status":"skipped"},"line":20,"name":"user press on 3rd product add to compare list button.","match":{"location":"TestCasesDefinitions.D11_compareList.user_press_on_3rd_product_add_to_compare_list_button()"},"keyword":"And "},{"result":{"status":"skipped"},"line":21,"name":"product has been added to compare list message displayed.","match":{"location":"TestCasesDefinitions.D11_compareList.product_has_been_added_to_compare_list_message_displayed()"},"keyword":"Then "},{"result":{"status":"skipped"},"line":24,"name":"user press on product comparison in bar notification message.","match":{"location":"TestCasesDefinitions.D11_compareList.user_press_on_product_comparison_in_bar_notification_message()"},"keyword":"And "},{"result":{"status":"skipped"},"line":25,"name":"user is redirected to compare products webpage.","match":{"location":"TestCasesDefinitions.D11_compareList.user_is_redirected_to_compare_products_webpage()"},"keyword":"Then "},{"result":{"status":"skipped"},"line":26,"name":"2nd product is displayed in compare list.","match":{"location":"TestCasesDefinitions.D11_compareList.second_product_is_displayed_in_compare_list()"},"keyword":"And "},{"result":{"status":"skipped"},"line":27,"name":"3rd product is displayed in compare list.","match":{"location":"TestCasesDefinitions.D11_compareList.third_product_is_displayed_in_compare_list()"},"keyword":"And "}],"tags":[{"name":"@MyRegression"}]}],"name":"Logged user could add different products to compare list","description":"","id":"logged-user-could-add-different-products-to-compare-list","keyword":"Feature","uri":"file:src/main/resources/Features/F11-%20Comparelist.feature","tags":[{"name":"@MyRegression","type":"Tag","location":{"line":1,"column":1}}]},{"line":3,"elements":[{"line":5,"name":"user opens chrome browser.","description":"","type":"background","keyword":"Background","steps":[]},{"start_timestamp":"2024-10-07T09:29:42.276Z","line":9,"name":"Logged user could make a successful order.","description":"","id":"create-successful-order;logged-user-could-make-a-successful-order.","type":"scenario","keyword":"Scenario","steps":[{"result":{"error_message":"org.openqa.selenium.NoSuchElementException: no such element: Unable to locate element: {\"method\":\"css selector\",\"selector\":\"ul[class=\"top-menu notmobile\"] > li > [href=\"/computers\"]\"}\n  (Session info: chrome=129.0.6668.90)\nFor documentation on this error, please visit: https://www.selenium.dev/documentation/webdriver/troubleshooting/errors#no-such-element-exception\nBuild info: version: '4.20.0', revision: '866c76ca80'\nSystem info: os.name: 'Windows 11', os.arch: 'amd64', os.version: '10.0', java.version: '22.0.1'\nDriver info: org.openqa.selenium.chrome.ChromeDriver\nCommand: [ad938b34e45cab9527aed19ee211981b, findElement {using=css selector, value=ul[class=\"top-menu notmobile\"] > li > [href=\"/computers\"]}]\nCapabilities {acceptInsecureCerts: false, browserName: chrome, browserVersion: 129.0.6668.90, chrome: {chromedriverVersion: 129.0.6668.89 (951c0b97221f..., userDataDir: C:\\Users\\tumelog\\AppData\\Lo...}, fedcm:accounts: true, goog:chromeOptions: {debuggerAddress: localhost:65075}, networkConnectionEnabled: false, pageLoadStrategy: normal, platformName: windows, proxy: Proxy(), se:cdp: ws://localhost:65075/devtoo..., se:cdpVersion: 129.0.6668.90, setWindowRect: true, strictFileInteractability: false, timeouts: {implicit: 0, pageLoad: 300000, script: 30000}, unhandledPromptBehavior: dismiss and notify, webauthn:extension:credBlob: true, webauthn:extension:largeBlob: true, webauthn:extension:minPinLength: true, webauthn:extension:prf: true, webauthn:virtualAuthenticators: true}\nSession ID: ad938b34e45cab9527aed19ee211981b\r\n\tat java.base/jdk.internal.reflect.DirectConstructorHandleAccessor.newInstance(DirectConstructorHandleAccessor.java:62)\r\n\tat java.base/java.lang.reflect.Constructor.newInstanceWithCaller(Constructor.java:502)\r\n\tat java.base/java.lang.reflect.Constructor.newInstance(Constructor.java:486)\r\n\tat org.openqa.selenium.remote.ErrorCodec.decode(ErrorCodec.java:167)\r\n\tat org.openqa.selenium.remote.codec.w3c.W3CHttpResponseCodec.decode(W3CHttpResponseCodec.java:138)\r\n\tat org.openqa.selenium.remote.codec.w3c.W3CHttpResponseCodec.decode(W3CHttpResponseCodec.java:50)\r\n\tat org.openqa.selenium.remote.HttpCommandExecutor.execute(HttpCommandExecutor.java:190)\r\n\tat org.openqa.selenium.remote.service.DriverCommandExecutor.invokeExecute(DriverCommandExecutor.java:216)\r\n\tat org.openqa.selenium.remote.service.DriverCommandExecutor.execute(DriverCommandExecutor.java:174)\r\n\tat org.openqa.selenium.remote.RemoteWebDriver.execute(RemoteWebDriver.java:518)\r\n\tat org.openqa.selenium.remote.ElementLocation$ElementFinder$2.findElement(ElementLocation.java:165)\r\n\tat org.openqa.selenium.remote.ElementLocation.findElement(ElementLocation.java:59)\r\n\tat org.openqa.selenium.remote.RemoteWebDriver.findElement(RemoteWebDriver.java:355)\r\n\tat org.openqa.selenium.remote.RemoteWebDriver.findElement(RemoteWebDriver.java:349)\r\n\tat nopCommercePages.P01_homePage.computersCategory(P01_homePage.java:34)\r\n\tat TestCasesDefinitions.D06_categories.user_press_on_Computers_from_homepage(D06_categories.java:15)\r\n\tat ✽.user press on Computers from homepage.(file:///C:/Users/tumelog/Desktop/E-Commerce-App-Automation-Testing/EcommerceAppAutomation/src/main/resources/Features/F12-%20SuccessfulOrder.feature:12)\r\n","duration":346543200,"status":"failed"},"line":12,"name":"user press on Computers from homepage.","match":{"location":"TestCasesDefinitions.D06_categories.user_press_on_Computers_from_homepage()"},"keyword":"And "},{"result":{"status":"skipped"},"line":13,"name":"user press on Desktops option.","match":{"location":"TestCasesDefinitions.D06_categories.user_press_on_Desktops_option()"},"keyword":"And "},{"result":{"status":"skipped"},"line":17,"name":"user press add to cart on 2nd product choice twice.","match":{"location":"TestCasesDefinitions.D09_shoppingCart.user_press_add_to_cart_on_2nd_product_choice_twice()"},"keyword":"And "},{"result":{"status":"skipped"},"line":18,"name":"product has been added to cart message displayed.","match":{"location":"TestCasesDefinitions.D09_shoppingCart.product_has_been_added_to_cart_message_displayed()"},"keyword":"And "},{"result":{"status":"skipped"},"line":21,"name":"user press add to cart on the 3rd product choice.","match":{"location":"TestCasesDefinitions.D09_shoppingCart.user_press_add_to_cart_on_the_3rd_product_choice()"},"keyword":"And "},{"result":{"status":"skipped"},"line":22,"name":"product has been added to cart message displayed.","match":{"location":"TestCasesDefinitions.D09_shoppingCart.product_has_been_added_to_cart_message_displayed()"},"keyword":"And "},{"result":{"status":"skipped"},"line":25,"name":"user press on shopping cart in header.","match":{"location":"TestCasesDefinitions.D09_shoppingCart.user_press_on_shopping_cart_in_header()"},"keyword":"And "},{"result":{"status":"skipped"},"line":26,"name":"user press on agree with the terms of service checkbox.","match":{"location":"TestCasesDefinitions.D12_successfulOrder.user_press_on_agree_with_the_terms_of_service_checkbox()"},"keyword":"And "},{"result":{"status":"skipped"},"line":27,"name":"user press on checkout button.","match":{"location":"TestCasesDefinitions.D12_successfulOrder.user_press_on_checkout_button()"},"keyword":"And "},{"result":{"status":"skipped"},"line":30,"name":"user is redirected to checkout webpage.","match":{"location":"TestCasesDefinitions.D12_successfulOrder.user_is_redirected_to_checkout_webpage()"},"keyword":"Then "},{"result":{"status":"skipped"},"line":31,"name":"user selects Country as Egypt.","match":{"location":"TestCasesDefinitions.D12_successfulOrder.user_selects_Country_as_Egypt()"},"keyword":"And "},{"result":{"status":"skipped"},"line":32,"name":"user enters Cairo as City.","match":{"location":"TestCasesDefinitions.D12_successfulOrder.user_enters_Cairo_as_City()"},"keyword":"And "},{"result":{"status":"skipped"},"line":33,"name":"user enters his or her address.","match":{"location":"TestCasesDefinitions.D12_successfulOrder.user_enters_his_her_address()"},"keyword":"And "},{"result":{"status":"skipped"},"line":34,"name":"user enters zip or postal code.","match":{"location":"TestCasesDefinitions.D12_successfulOrder.user_enters_zip_or_postal_code()"},"keyword":"And "},{"result":{"status":"skipped"},"line":35,"name":"user enters his or her phone number.","match":{"location":"TestCasesDefinitions.D12_successfulOrder.user_enters_his_or_her_phone_number()"},"keyword":"And "},{"result":{"status":"skipped"},"line":36,"name":"user press on shipping address continue button.","match":{"location":"TestCasesDefinitions.D12_successfulOrder.user_press_on_shipping_address_continue_button()"},"keyword":"And "},{"result":{"status":"skipped"},"line":39,"name":"user press on shipping method continue button.","match":{"location":"TestCasesDefinitions.D12_successfulOrder.user_press_on_shipping_method_continue_button()"},"keyword":"And "},{"result":{"status":"skipped"},"line":42,"name":"user press on payment method continue button.","match":{"location":"TestCasesDefinitions.D12_successfulOrder.user_press_on_payment_method_continue_button()"},"keyword":"And "},{"result":{"status":"skipped"},"line":45,"name":"user press on payment information continue button.","match":{"location":"TestCasesDefinitions.D12_successfulOrder.user_press_on_payment_information_continue_button()"},"keyword":"And "},{"result":{"status":"skipped"},"line":48,"name":"user press on confirm button to confirm the order.","match":{"location":"TestCasesDefinitions.D12_successfulOrder.user_press_on_confirm_button_to_confirm_the_order()"},"keyword":"And "},{"result":{"status":"skipped"},"line":51,"name":"user is redirected to checkout completed webpage.","match":{"location":"TestCasesDefinitions.D12_successfulOrder.user_is_redirected_to_checkout_completed_webpage()"},"keyword":"Then "},{"result":{"status":"skipped"},"line":52,"name":"order proceeded successfully message appears.","match":{"location":"TestCasesDefinitions.D12_successfulOrder.order_proceeded_successfully_message_appears()"},"keyword":"And "}],"tags":[{"name":"@MyRegression"}]}],"name":"Create successful Order","description":"","id":"create-successful-order","keyword":"Feature","uri":"file:src/main/resources/Features/F12-%20SuccessfulOrder.feature","tags":[{"name":"@MyRegression","type":"Tag","location":{"line":1,"column":1}}]}]